<?xml version="1.0" encoding="UTF-8"?>
<testsuite xmlns:xsi="http://www.w3.org/2001/XMLSchema-instance" xsi:noNamespaceSchemaLocation="https://maven.apache.org/surefire/maven-surefire-plugin/xsd/surefire-test-report-3.0.xsd" version="3.0" name="game.GameWorldTest" time="0.817" tests="2" errors="0" skipped="0" failures="0">
  <properties>
[...]
</properties>
  <testcase name="testItemCollision" classname="game.GameWorldTest" time="0.704">
    <system-out><![CDATA[Muro aggiunto in posizione X=0, Y=8
Muro aggiunto in posizione X=1, Y=8
Muro aggiunto in posizione X=2, Y=8
Muro aggiunto in posizione X=3, Y=8
Muro aggiunto in posizione X=4, Y=8
Muro aggiunto in posizione X=5, Y=8
Muro aggiunto in posizione X=6, Y=8
Muro aggiunto in posizione X=7, Y=8
Muro aggiunto in posizione X=8, Y=8
Muro aggiunto in posizione X=9, Y=8
Muro aggiunto in posizione X=10, Y=8
Muro aggiunto in posizione X=11, Y=8
Muro aggiunto in posizione X=12, Y=8
Muro aggiunto in posizione X=13, Y=8
Muro aggiunto in posizione X=14, Y=8
Muro aggiunto in posizione X=15, Y=8
Muro aggiunto in posizione X=16, Y=8
Muro aggiunto in posizione X=17, Y=8
Muro aggiunto in posizione X=18, Y=8
Muro aggiunto in posizione X=19, Y=8
Muro aggiunto in posizione X=20, Y=8
Muro aggiunto in posizione X=21, Y=8
Muro aggiunto in posizione X=22, Y=8
Muro aggiunto in posizione X=23, Y=8
Muro aggiunto in posizione X=0, Y=9
Muro aggiunto in posizione X=1, Y=9
Muro aggiunto in posizione X=2, Y=9
Muro aggiunto in posizione X=3, Y=9
Muro aggiunto in posizione X=4, Y=9
Muro aggiunto in posizione X=5, Y=9
Muro aggiunto in posizione X=6, Y=9
Muro aggiunto in posizione X=7, Y=9
Muro aggiunto in posizione X=8, Y=9
Muro aggiunto in posizione X=9, Y=9
Muro aggiunto in posizione X=10, Y=9
Muro aggiunto in posizione X=11, Y=9
Muro aggiunto in posizione X=12, Y=9
Muro aggiunto in posizione X=13, Y=9
Muro aggiunto in posizione X=14, Y=9
Muro aggiunto in posizione X=15, Y=9
Muro aggiunto in posizione X=16, Y=9
Muro aggiunto in posizione X=17, Y=9
Muro aggiunto in posizione X=18, Y=9
Muro aggiunto in posizione X=19, Y=9
Muro aggiunto in posizione X=20, Y=9
Muro aggiunto in posizione X=21, Y=9
Muro aggiunto in posizione X=22, Y=9
Muro aggiunto in posizione X=23, Y=9
Oggetto registrato: 🤑 in posizione X=2, Y=1
Controllo collisione per il giocatore in X=5, Y=5
Oggetti presenti nel mondo:
- Oggetto: 🧱, X=0, Y=8
- Oggetto: 🧱, X=1, Y=8
- Oggetto: 🧱, X=2, Y=8
- Oggetto: 🧱, X=3, Y=8
- Oggetto: 🧱, X=4, Y=8
- Oggetto: 🧱, X=5, Y=8
- Oggetto: 🧱, X=6, Y=8
- Oggetto: 🧱, X=7, Y=8
- Oggetto: 🧱, X=8, Y=8
- Oggetto: 🧱, X=9, Y=8
- Oggetto: 🧱, X=10, Y=8
- Oggetto: 🧱, X=11, Y=8
- Oggetto: 🧱, X=12, Y=8
- Oggetto: 🧱, X=13, Y=8
- Oggetto: 🧱, X=14, Y=8
- Oggetto: 🧱, X=15, Y=8
- Oggetto: 🧱, X=16, Y=8
- Oggetto: 🧱, X=17, Y=8
- Oggetto: 🧱, X=18, Y=8
- Oggetto: 🧱, X=19, Y=8
- Oggetto: 🧱, X=20, Y=8
- Oggetto: 🧱, X=21, Y=8
- Oggetto: 🧱, X=22, Y=8
- Oggetto: 🧱, X=23, Y=8
- Oggetto: 🧱, X=0, Y=9
- Oggetto: 🧱, X=1, Y=9
- Oggetto: 🧱, X=2, Y=9
- Oggetto: 🧱, X=3, Y=9
- Oggetto: 🧱, X=4, Y=9
- Oggetto: 🧱, X=5, Y=9
- Oggetto: 🧱, X=6, Y=9
- Oggetto: 🧱, X=7, Y=9
- Oggetto: 🧱, X=8, Y=9
- Oggetto: 🧱, X=9, Y=9
- Oggetto: 🧱, X=10, Y=9
- Oggetto: 🧱, X=11, Y=9
- Oggetto: 🧱, X=12, Y=9
- Oggetto: 🧱, X=13, Y=9
- Oggetto: 🧱, X=14, Y=9
- Oggetto: 🧱, X=15, Y=9
- Oggetto: 🧱, X=16, Y=9
- Oggetto: 🧱, X=17, Y=9
- Oggetto: 🧱, X=18, Y=9
- Oggetto: 🧱, X=19, Y=9
- Oggetto: 🧱, X=20, Y=9
- Oggetto: 🧱, X=21, Y=9
- Oggetto: 🧱, X=22, Y=9
- Oggetto: 🧱, X=23, Y=9
- Oggetto: 🤑, X=2, Y=1
- Oggetto: 🙂, X=5, Y=5
Oggetto raccolto: 🙂
Oggetto registrato: 👻 in posizione X=1, Y=2
]]></system-out>
    <system-err><![CDATA[java.lang.instrument.IllegalClassFormatException: Error while instrumenting java/sql/Date.
	at org.jacoco.agent.rt.internal_3570298.CoverageTransformer.transform(CoverageTransformer.java:94)
	at java.instrument/java.lang.instrument.ClassFileTransformer.transform(ClassFileTransformer.java:257)
	at java.instrument/sun.instrument.TransformerManager.transform(TransformerManager.java:188)
	at java.instrument/sun.instrument.InstrumentationImpl.transform(InstrumentationImpl.java:594)
	at java.base/java.lang.ClassLoader.defineClass2(Native Method)
	at java.base/java.lang.ClassLoader.defineClass(ClassLoader.java:1052)
	at java.base/java.security.SecureClassLoader.defineClass(SecureClassLoader.java:164)
	at java.base/jdk.internal.loader.BuiltinClassLoader.defineClass(BuiltinClassLoader.java:735)
	at java.base/jdk.internal.loader.BuiltinClassLoader.findClassInModuleOrNull(BuiltinClassLoader.java:678)
	at java.base/jdk.internal.loader.BuiltinClassLoader.loadClassOrNull(BuiltinClassLoader.java:604)
	at java.base/jdk.internal.loader.BuiltinClassLoader.loadClassOrNull(BuiltinClassLoader.java:639)
	at java.base/jdk.internal.loader.BuiltinClassLoader.loadClassOrNull(BuiltinClassLoader.java:608)
	at java.base/jdk.internal.loader.BuiltinClassLoader.loadClass(BuiltinClassLoader.java:578)
	at java.base/java.lang.ClassLoader.loadClass(ClassLoader.java:490)
	at java.base/java.lang.Class.forName0(Native Method)
	at java.base/java.lang.Class.forName(Class.java:463)
	at java.base/java.lang.Class.forName(Class.java:454)
	at com.google.gson.internal.sql.SqlTypesSupport.<clinit>(SqlTypesSupport.java:37)
	at com.google.gson.GsonBuilder.addTypeAdaptersForDate(GsonBuilder.java:774)
	at com.google.gson.GsonBuilder.create(GsonBuilder.java:760)
	at util.GameSettings.loadSettings(GameSettings.java:31)
	at util.GameSettings.getInstance(GameSettings.java:23)
	at game.GameWorld.<clinit>(GameWorld.java:25)
	at game.GameWorldTest.testItemCollision(GameWorldTest.java:28)
	at java.base/jdk.internal.reflect.DirectMethodHandleAccessor.invoke(DirectMethodHandleAccessor.java:104)
	at java.base/java.lang.reflect.Method.invoke(Method.java:565)
	at org.junit.platform.commons.util.ReflectionUtils.invokeMethod(ReflectionUtils.java:727)
	at org.junit.jupiter.engine.execution.MethodInvocation.proceed(MethodInvocation.java:60)
	at org.junit.jupiter.engine.execution.InvocationInterceptorChain$ValidatingInvocation.proceed(InvocationInterceptorChain.java:131)
	at org.junit.jupiter.engine.extension.TimeoutExtension.intercept(TimeoutExtension.java:156)
	at org.junit.jupiter.engine.extension.TimeoutExtension.interceptTestableMethod(TimeoutExtension.java:147)
	at org.junit.jupiter.engine.extension.TimeoutExtension.interceptTestMethod(TimeoutExtension.java:86)
	at org.junit.jupiter.engine.execution.InterceptingExecutableInvoker$ReflectiveInterceptorCall.lambda$ofVoidMethod$0(InterceptingExecutableInvoker.java:103)
	at org.junit.jupiter.engine.execution.InterceptingExecutableInvoker.lambda$invoke$0(InterceptingExecutableInvoker.java:93)
	at org.junit.jupiter.engine.execution.InvocationInterceptorChain$InterceptedInvocation.proceed(InvocationInterceptorChain.java:106)
	at org.junit.jupiter.engine.execution.InvocationInterceptorChain.proceed(InvocationInterceptorChain.java:64)
	at org.junit.jupiter.engine.execution.InvocationInterceptorChain.chainAndInvoke(InvocationInterceptorChain.java:45)
	at org.junit.jupiter.engine.execution.InvocationInterceptorChain.invoke(InvocationInterceptorChain.java:37)
	at org.junit.jupiter.engine.execution.InterceptingExecutableInvoker.invoke(InterceptingExecutableInvoker.java:92)
	at org.junit.jupiter.engine.execution.InterceptingExecutableInvoker.invoke(InterceptingExecutableInvoker.java:86)
	at org.junit.jupiter.engine.descriptor.TestMethodTestDescriptor.lambda$invokeTestMethod$7(TestMethodTestDescriptor.java:217)
	at org.junit.platform.engine.support.hierarchical.ThrowableCollector.execute(ThrowableCollector.java:73)
	at org.junit.jupiter.engine.descriptor.TestMethodTestDescriptor.invokeTestMethod(TestMethodTestDescriptor.java:213)
	at org.junit.jupiter.engine.descriptor.TestMethodTestDescriptor.execute(TestMethodTestDescriptor.java:138)
	at org.junit.jupiter.engine.descriptor.TestMethodTestDescriptor.execute(TestMethodTestDescriptor.java:68)
	at org.junit.platform.engine.support.hierarchical.NodeTestTask.lambda$executeRecursively$6(NodeTestTask.java:151)
	at org.junit.platform.engine.support.hierarchical.ThrowableCollector.execute(ThrowableCollector.java:73)
	at org.junit.platform.engine.support.hierarchical.NodeTestTask.lambda$executeRecursively$8(NodeTestTask.java:141)
	at org.junit.platform.engine.support.hierarchical.Node.around(Node.java:137)
	at org.junit.platform.engine.support.hierarchical.NodeTestTask.lambda$executeRecursively$9(NodeTestTask.java:139)
	at org.junit.platform.engine.support.hierarchical.ThrowableCollector.execute(ThrowableCollector.java:73)
	at org.junit.platform.engine.support.hierarchical.NodeTestTask.executeRecursively(NodeTestTask.java:138)
	at org.junit.platform.engine.support.hierarchical.NodeTestTask.execute(NodeTestTask.java:95)
	at java.base/java.util.ArrayList.forEach(ArrayList.java:1604)
	at org.junit.platform.engine.support.hierarchical.SameThreadHierarchicalTestExecutorService.invokeAll(SameThreadHierarchicalTestExecutorService.java:41)
	at org.junit.platform.engine.support.hierarchical.NodeTestTask.lambda$executeRecursively$6(NodeTestTask.java:155)
	at org.junit.platform.engine.support.hierarchical.ThrowableCollector.execute(ThrowableCollector.java:73)
	at org.junit.platform.engine.support.hierarchical.NodeTestTask.lambda$executeRecursively$8(NodeTestTask.java:141)
	at org.junit.platform.engine.support.hierarchical.Node.around(Node.java:137)
	at org.junit.platform.engine.support.hierarchical.NodeTestTask.lambda$executeRecursively$9(NodeTestTask.java:139)
	at org.junit.platform.engine.support.hierarchical.ThrowableCollector.execute(ThrowableCollector.java:73)
	at org.junit.platform.engine.support.hierarchical.NodeTestTask.executeRecursively(NodeTestTask.java:138)
	at org.junit.platform.engine.support.hierarchical.NodeTestTask.execute(NodeTestTask.java:95)
	at java.base/java.util.ArrayList.forEach(ArrayList.java:1604)
	at org.junit.platform.engine.support.hierarchical.SameThreadHierarchicalTestExecutorService.invokeAll(SameThreadHierarchicalTestExecutorService.java:41)
	at org.junit.platform.engine.support.hierarchical.NodeTestTask.lambda$executeRecursively$6(NodeTestTask.java:155)
	at org.junit.platform.engine.support.hierarchical.ThrowableCollector.execute(ThrowableCollector.java:73)
	at org.junit.platform.engine.support.hierarchical.NodeTestTask.lambda$executeRecursively$8(NodeTestTask.java:141)
	at org.junit.platform.engine.support.hierarchical.Node.around(Node.java:137)
	at org.junit.platform.engine.support.hierarchical.NodeTestTask.lambda$executeRecursively$9(NodeTestTask.java:139)
	at org.junit.platform.engine.support.hierarchical.ThrowableCollector.execute(ThrowableCollector.java:73)
	at org.junit.platform.engine.support.hierarchical.NodeTestTask.executeRecursively(NodeTestTask.java:138)
	at org.junit.platform.engine.support.hierarchical.NodeTestTask.execute(NodeTestTask.java:95)
	at org.junit.platform.engine.support.hierarchical.SameThreadHierarchicalTestExecutorService.submit(SameThreadHierarchicalTestExecutorService.java:35)
	at org.junit.platform.engine.support.hierarchical.HierarchicalTestExecutor.execute(HierarchicalTestExecutor.java:57)
	at org.junit.platform.engine.support.hierarchical.HierarchicalTestEngine.execute(HierarchicalTestEngine.java:54)
	at org.junit.platform.launcher.core.EngineExecutionOrchestrator.execute(EngineExecutionOrchestrator.java:147)
	at org.junit.platform.launcher.core.EngineExecutionOrchestrator.execute(EngineExecutionOrchestrator.java:127)
	at org.junit.platform.launcher.core.EngineExecutionOrchestrator.execute(EngineExecutionOrchestrator.java:90)
	at org.junit.platform.launcher.core.EngineExecutionOrchestrator.lambda$execute$0(EngineExecutionOrchestrator.java:55)
	at org.junit.platform.launcher.core.EngineExecutionOrchestrator.withInterceptedStreams(EngineExecutionOrchestrator.java:102)
	at org.junit.platform.launcher.core.EngineExecutionOrchestrator.execute(EngineExecutionOrchestrator.java:54)
	at org.junit.platform.launcher.core.DefaultLauncher.execute(DefaultLauncher.java:114)
	at org.junit.platform.launcher.core.DefaultLauncher.execute(DefaultLauncher.java:86)
	at org.junit.platform.launcher.core.DefaultLauncherSession$DelegatingLauncher.execute(DefaultLauncherSession.java:86)
	at org.apache.maven.surefire.junitplatform.LazyLauncher.execute(LazyLauncher.java:56)
	at org.apache.maven.surefire.junitplatform.JUnitPlatformProvider.execute(JUnitPlatformProvider.java:184)
	at org.apache.maven.surefire.junitplatform.JUnitPlatformProvider.invokeAllTests(JUnitPlatformProvider.java:148)
	at org.apache.maven.surefire.junitplatform.JUnitPlatformProvider.invoke(JUnitPlatformProvider.java:122)
	at org.apache.maven.surefire.booter.ForkedBooter.runSuitesInProcess(ForkedBooter.java:385)
	at org.apache.maven.surefire.booter.ForkedBooter.execute(ForkedBooter.java:162)
	at org.apache.maven.surefire.booter.ForkedBooter.run(ForkedBooter.java:507)
	at org.apache.maven.surefire.booter.ForkedBooter.main(ForkedBooter.java:495)
Caused by: java.io.IOException: Error while instrumenting java/sql/Date.
	at org.jacoco.agent.rt.internal_3570298.core.instr.Instrumenter.instrumentError(Instrumenter.java:160)
	at org.jacoco.agent.rt.internal_3570298.core.instr.Instrumenter.instrument(Instrumenter.java:110)
	at org.jacoco.agent.rt.internal_3570298.CoverageTransformer.transform(CoverageTransformer.java:92)
	... 92 more
Caused by: java.lang.IllegalArgumentException: Unsupported class file major version 68
	at org.jacoco.agent.rt.internal_3570298.asm.ClassReader.<init>(ClassReader.java:196)
	at org.jacoco.agent.rt.internal_3570298.asm.ClassReader.<init>(ClassReader.java:177)
	at org.jacoco.agent.rt.internal_3570298.asm.ClassReader.<init>(ClassReader.java:163)
	at org.jacoco.agent.rt.internal_3570298.core.internal.instr.InstrSupport.classReaderFor(InstrSupport.java:280)
	at org.jacoco.agent.rt.internal_3570298.core.instr.Instrumenter.instrument(Instrumenter.java:76)
	at org.jacoco.agent.rt.internal_3570298.core.instr.Instrumenter.instrument(Instrumenter.java:108)
	... 93 more
java.lang.instrument.IllegalClassFormatException: Error while instrumenting java/sql/Timestamp.
	at org.jacoco.agent.rt.internal_3570298.CoverageTransformer.transform(CoverageTransformer.java:94)
	at java.instrument/java.lang.instrument.ClassFileTransformer.transform(ClassFileTransformer.java:257)
	at java.instrument/sun.instrument.TransformerManager.transform(TransformerManager.java:188)
	at java.instrument/sun.instrument.InstrumentationImpl.transform(InstrumentationImpl.java:594)
	at java.base/java.lang.ClassLoader.defineClass2(Native Method)
	at java.base/java.lang.ClassLoader.defineClass(ClassLoader.java:1052)
	at java.base/java.security.SecureClassLoader.defineClass(SecureClassLoader.java:164)
	at java.base/jdk.internal.loader.BuiltinClassLoader.defineClass(BuiltinClassLoader.java:735)
	at java.base/jdk.internal.loader.BuiltinClassLoader.findClassInModuleOrNull(BuiltinClassLoader.java:678)
	at java.base/jdk.internal.loader.BuiltinClassLoader.loadClassOrNull(BuiltinClassLoader.java:604)
	at java.base/jdk.internal.loader.BuiltinClassLoader.loadClassOrNull(BuiltinClassLoader.java:639)
	at java.base/jdk.internal.loader.BuiltinClassLoader.loadClassOrNull(BuiltinClassLoader.java:608)
	at java.base/jdk.internal.loader.BuiltinClassLoader.loadClass(BuiltinClassLoader.java:578)
	at java.base/java.lang.ClassLoader.loadClass(ClassLoader.java:490)
	at com.google.gson.internal.sql.SqlTypesSupport.<clinit>(SqlTypesSupport.java:50)
	at com.google.gson.GsonBuilder.addTypeAdaptersForDate(GsonBuilder.java:774)
	at com.google.gson.GsonBuilder.create(GsonBuilder.java:760)
	at util.GameSettings.loadSettings(GameSettings.java:31)
	at util.GameSettings.getInstance(GameSettings.java:23)
	at game.GameWorld.<clinit>(GameWorld.java:25)
	at game.GameWorldTest.testItemCollision(GameWorldTest.java:28)
	at java.base/jdk.internal.reflect.DirectMethodHandleAccessor.invoke(DirectMethodHandleAccessor.java:104)
	at java.base/java.lang.reflect.Method.invoke(Method.java:565)
	at org.junit.platform.commons.util.ReflectionUtils.invokeMethod(ReflectionUtils.java:727)
	at org.junit.jupiter.engine.execution.MethodInvocation.proceed(MethodInvocation.java:60)
	at org.junit.jupiter.engine.execution.InvocationInterceptorChain$ValidatingInvocation.proceed(InvocationInterceptorChain.java:131)
	at org.junit.jupiter.engine.extension.TimeoutExtension.intercept(TimeoutExtension.java:156)
	at org.junit.jupiter.engine.extension.TimeoutExtension.interceptTestableMethod(TimeoutExtension.java:147)
	at org.junit.jupiter.engine.extension.TimeoutExtension.interceptTestMethod(TimeoutExtension.java:86)
	at org.junit.jupiter.engine.execution.InterceptingExecutableInvoker$ReflectiveInterceptorCall.lambda$ofVoidMethod$0(InterceptingExecutableInvoker.java:103)
	at org.junit.jupiter.engine.execution.InterceptingExecutableInvoker.lambda$invoke$0(InterceptingExecutableInvoker.java:93)
	at org.junit.jupiter.engine.execution.InvocationInterceptorChain$InterceptedInvocation.proceed(InvocationInterceptorChain.java:106)
	at org.junit.jupiter.engine.execution.InvocationInterceptorChain.proceed(InvocationInterceptorChain.java:64)
	at org.junit.jupiter.engine.execution.InvocationInterceptorChain.chainAndInvoke(InvocationInterceptorChain.java:45)
	at org.junit.jupiter.engine.execution.InvocationInterceptorChain.invoke(InvocationInterceptorChain.java:37)
	at org.junit.jupiter.engine.execution.InterceptingExecutableInvoker.invoke(InterceptingExecutableInvoker.java:92)
	at org.junit.jupiter.engine.execution.InterceptingExecutableInvoker.invoke(InterceptingExecutableInvoker.java:86)
	at org.junit.jupiter.engine.descriptor.TestMethodTestDescriptor.lambda$invokeTestMethod$7(TestMethodTestDescriptor.java:217)
	at org.junit.platform.engine.support.hierarchical.ThrowableCollector.execute(ThrowableCollector.java:73)
	at org.junit.jupiter.engine.descriptor.TestMethodTestDescriptor.invokeTestMethod(TestMethodTestDescriptor.java:213)
	at org.junit.jupiter.engine.descriptor.TestMethodTestDescriptor.execute(TestMethodTestDescriptor.java:138)
	at org.junit.jupiter.engine.descriptor.TestMethodTestDescriptor.execute(TestMethodTestDescriptor.java:68)
	at org.junit.platform.engine.support.hierarchical.NodeTestTask.lambda$executeRecursively$6(NodeTestTask.java:151)
	at org.junit.platform.engine.support.hierarchical.ThrowableCollector.execute(ThrowableCollector.java:73)
	at org.junit.platform.engine.support.hierarchical.NodeTestTask.lambda$executeRecursively$8(NodeTestTask.java:141)
	at org.junit.platform.engine.support.hierarchical.Node.around(Node.java:137)
	at org.junit.platform.engine.support.hierarchical.NodeTestTask.lambda$executeRecursively$9(NodeTestTask.java:139)
	at org.junit.platform.engine.support.hierarchical.ThrowableCollector.execute(ThrowableCollector.java:73)
	at org.junit.platform.engine.support.hierarchical.NodeTestTask.executeRecursively(NodeTestTask.java:138)
	at org.junit.platform.engine.support.hierarchical.NodeTestTask.execute(NodeTestTask.java:95)
	at java.base/java.util.ArrayList.forEach(ArrayList.java:1604)
	at org.junit.platform.engine.support.hierarchical.SameThreadHierarchicalTestExecutorService.invokeAll(SameThreadHierarchicalTestExecutorService.java:41)
	at org.junit.platform.engine.support.hierarchical.NodeTestTask.lambda$executeRecursively$6(NodeTestTask.java:155)
	at org.junit.platform.engine.support.hierarchical.ThrowableCollector.execute(ThrowableCollector.java:73)
	at org.junit.platform.engine.support.hierarchical.NodeTestTask.lambda$executeRecursively$8(NodeTestTask.java:141)
	at org.junit.platform.engine.support.hierarchical.Node.around(Node.java:137)
	at org.junit.platform.engine.support.hierarchical.NodeTestTask.lambda$executeRecursively$9(NodeTestTask.java:139)
	at org.junit.platform.engine.support.hierarchical.ThrowableCollector.execute(ThrowableCollector.java:73)
	at org.junit.platform.engine.support.hierarchical.NodeTestTask.executeRecursively(NodeTestTask.java:138)
	at org.junit.platform.engine.support.hierarchical.NodeTestTask.execute(NodeTestTask.java:95)
	at java.base/java.util.ArrayList.forEach(ArrayList.java:1604)
	at org.junit.platform.engine.support.hierarchical.SameThreadHierarchicalTestExecutorService.invokeAll(SameThreadHierarchicalTestExecutorService.java:41)
	at org.junit.platform.engine.support.hierarchical.NodeTestTask.lambda$executeRecursively$6(NodeTestTask.java:155)
	at org.junit.platform.engine.support.hierarchical.ThrowableCollector.execute(ThrowableCollector.java:73)
	at org.junit.platform.engine.support.hierarchical.NodeTestTask.lambda$executeRecursively$8(NodeTestTask.java:141)
	at org.junit.platform.engine.support.hierarchical.Node.around(Node.java:137)
	at org.junit.platform.engine.support.hierarchical.NodeTestTask.lambda$executeRecursively$9(NodeTestTask.java:139)
	at org.junit.platform.engine.support.hierarchical.ThrowableCollector.execute(ThrowableCollector.java:73)
	at org.junit.platform.engine.support.hierarchical.NodeTestTask.executeRecursively(NodeTestTask.java:138)
	at org.junit.platform.engine.support.hierarchical.NodeTestTask.execute(NodeTestTask.java:95)
	at org.junit.platform.engine.support.hierarchical.SameThreadHierarchicalTestExecutorService.submit(SameThreadHierarchicalTestExecutorService.java:35)
	at org.junit.platform.engine.support.hierarchical.HierarchicalTestExecutor.execute(HierarchicalTestExecutor.java:57)
	at org.junit.platform.engine.support.hierarchical.HierarchicalTestEngine.execute(HierarchicalTestEngine.java:54)
	at org.junit.platform.launcher.core.EngineExecutionOrchestrator.execute(EngineExecutionOrchestrator.java:147)
	at org.junit.platform.launcher.core.EngineExecutionOrchestrator.execute(EngineExecutionOrchestrator.java:127)
	at org.junit.platform.launcher.core.EngineExecutionOrchestrator.execute(EngineExecutionOrchestrator.java:90)
	at org.junit.platform.launcher.core.EngineExecutionOrchestrator.lambda$execute$0(EngineExecutionOrchestrator.java:55)
	at org.junit.platform.launcher.core.EngineExecutionOrchestrator.withInterceptedStreams(EngineExecutionOrchestrator.java:102)
	at org.junit.platform.launcher.core.EngineExecutionOrchestrator.execute(EngineExecutionOrchestrator.java:54)
	at org.junit.platform.launcher.core.DefaultLauncher.execute(DefaultLauncher.java:114)
	at org.junit.platform.launcher.core.DefaultLauncher.execute(DefaultLauncher.java:86)
	at org.junit.platform.launcher.core.DefaultLauncherSession$DelegatingLauncher.execute(DefaultLauncherSession.java:86)
	at org.apache.maven.surefire.junitplatform.LazyLauncher.execute(LazyLauncher.java:56)
	at org.apache.maven.surefire.junitplatform.JUnitPlatformProvider.execute(JUnitPlatformProvider.java:184)
	at org.apache.maven.surefire.junitplatform.JUnitPlatformProvider.invokeAllTests(JUnitPlatformProvider.java:148)
	at org.apache.maven.surefire.junitplatform.JUnitPlatformProvider.invoke(JUnitPlatformProvider.java:122)
	at org.apache.maven.surefire.booter.ForkedBooter.runSuitesInProcess(ForkedBooter.java:385)
	at org.apache.maven.surefire.booter.ForkedBooter.execute(ForkedBooter.java:162)
	at org.apache.maven.surefire.booter.ForkedBooter.run(ForkedBooter.java:507)
	at org.apache.maven.surefire.booter.ForkedBooter.main(ForkedBooter.java:495)
Caused by: java.io.IOException: Error while instrumenting java/sql/Timestamp.
	at org.jacoco.agent.rt.internal_3570298.core.instr.Instrumenter.instrumentError(Instrumenter.java:160)
	at org.jacoco.agent.rt.internal_3570298.core.instr.Instrumenter.instrument(Instrumenter.java:110)
	at org.jacoco.agent.rt.internal_3570298.CoverageTransformer.transform(CoverageTransformer.java:92)
	... 89 more
Caused by: java.lang.IllegalArgumentException: Unsupported class file major version 68
	at org.jacoco.agent.rt.internal_3570298.asm.ClassReader.<init>(ClassReader.java:196)
	at org.jacoco.agent.rt.internal_3570298.asm.ClassReader.<init>(ClassReader.java:177)
	at org.jacoco.agent.rt.internal_3570298.asm.ClassReader.<init>(ClassReader.java:163)
	at org.jacoco.agent.rt.internal_3570298.core.internal.instr.InstrSupport.classReaderFor(InstrSupport.java:280)
	at org.jacoco.agent.rt.internal_3570298.core.instr.Instrumenter.instrument(Instrumenter.java:76)
	at org.jacoco.agent.rt.internal_3570298.core.instr.Instrumenter.instrument(Instrumenter.java:108)
	... 90 more
java.lang.instrument.IllegalClassFormatException: Error while instrumenting java/sql/Time.
	at org.jacoco.agent.rt.internal_3570298.CoverageTransformer.transform(CoverageTransformer.java:94)
	at java.instrument/java.lang.instrument.ClassFileTransformer.transform(ClassFileTransformer.java:257)
	at java.instrument/sun.instrument.TransformerManager.transform(TransformerManager.java:188)
	at java.instrument/sun.instrument.InstrumentationImpl.transform(InstrumentationImpl.java:594)
	at java.base/java.lang.ClassLoader.defineClass2(Native Method)
	at java.base/java.lang.ClassLoader.defineClass(ClassLoader.java:1052)
	at java.base/java.security.SecureClassLoader.defineClass(SecureClassLoader.java:164)
	at java.base/jdk.internal.loader.BuiltinClassLoader.defineClass(BuiltinClassLoader.java:735)
	at java.base/jdk.internal.loader.BuiltinClassLoader.findClassInModuleOrNull(BuiltinClassLoader.java:678)
	at java.base/jdk.internal.loader.BuiltinClassLoader.loadClassOrNull(BuiltinClassLoader.java:604)
	at java.base/jdk.internal.loader.BuiltinClassLoader.loadClassOrNull(BuiltinClassLoader.java:639)
	at java.base/jdk.internal.loader.BuiltinClassLoader.loadClassOrNull(BuiltinClassLoader.java:608)
	at java.base/jdk.internal.loader.BuiltinClassLoader.loadClass(BuiltinClassLoader.java:578)
	at java.base/java.lang.ClassLoader.loadClass(ClassLoader.java:490)
	at com.google.gson.internal.sql.SqlTypesSupport.<clinit>(SqlTypesSupport.java:57)
	at com.google.gson.GsonBuilder.addTypeAdaptersForDate(GsonBuilder.java:774)
	at com.google.gson.GsonBuilder.create(GsonBuilder.java:760)
	at util.GameSettings.loadSettings(GameSettings.java:31)
	at util.GameSettings.getInstance(GameSettings.java:23)
	at game.GameWorld.<clinit>(GameWorld.java:25)
	at game.GameWorldTest.testItemCollision(GameWorldTest.java:28)
	at java.base/jdk.internal.reflect.DirectMethodHandleAccessor.invoke(DirectMethodHandleAccessor.java:104)
	at java.base/java.lang.reflect.Method.invoke(Method.java:565)
	at org.junit.platform.commons.util.ReflectionUtils.invokeMethod(ReflectionUtils.java:727)
	at org.junit.jupiter.engine.execution.MethodInvocation.proceed(MethodInvocation.java:60)
	at org.junit.jupiter.engine.execution.InvocationInterceptorChain$ValidatingInvocation.proceed(InvocationInterceptorChain.java:131)
	at org.junit.jupiter.engine.extension.TimeoutExtension.intercept(TimeoutExtension.java:156)
	at org.junit.jupiter.engine.extension.TimeoutExtension.interceptTestableMethod(TimeoutExtension.java:147)
	at org.junit.jupiter.engine.extension.TimeoutExtension.interceptTestMethod(TimeoutExtension.java:86)
	at org.junit.jupiter.engine.execution.InterceptingExecutableInvoker$ReflectiveInterceptorCall.lambda$ofVoidMethod$0(InterceptingExecutableInvoker.java:103)
	at org.junit.jupiter.engine.execution.InterceptingExecutableInvoker.lambda$invoke$0(InterceptingExecutableInvoker.java:93)
	at org.junit.jupiter.engine.execution.InvocationInterceptorChain$InterceptedInvocation.proceed(InvocationInterceptorChain.java:106)
	at org.junit.jupiter.engine.execution.InvocationInterceptorChain.proceed(InvocationInterceptorChain.java:64)
	at org.junit.jupiter.engine.execution.InvocationInterceptorChain.chainAndInvoke(InvocationInterceptorChain.java:45)
	at org.junit.jupiter.engine.execution.InvocationInterceptorChain.invoke(InvocationInterceptorChain.java:37)
	at org.junit.jupiter.engine.execution.InterceptingExecutableInvoker.invoke(InterceptingExecutableInvoker.java:92)
	at org.junit.jupiter.engine.execution.InterceptingExecutableInvoker.invoke(InterceptingExecutableInvoker.java:86)
	at org.junit.jupiter.engine.descriptor.TestMethodTestDescriptor.lambda$invokeTestMethod$7(TestMethodTestDescriptor.java:217)
	at org.junit.platform.engine.support.hierarchical.ThrowableCollector.execute(ThrowableCollector.java:73)
	at org.junit.jupiter.engine.descriptor.TestMethodTestDescriptor.invokeTestMethod(TestMethodTestDescriptor.java:213)
	at org.junit.jupiter.engine.descriptor.TestMethodTestDescriptor.execute(TestMethodTestDescriptor.java:138)
	at org.junit.jupiter.engine.descriptor.TestMethodTestDescriptor.execute(TestMethodTestDescriptor.java:68)
	at org.junit.platform.engine.support.hierarchical.NodeTestTask.lambda$executeRecursively$6(NodeTestTask.java:151)
	at org.junit.platform.engine.support.hierarchical.ThrowableCollector.execute(ThrowableCollector.java:73)
	at org.junit.platform.engine.support.hierarchical.NodeTestTask.lambda$executeRecursively$8(NodeTestTask.java:141)
	at org.junit.platform.engine.support.hierarchical.Node.around(Node.java:137)
	at org.junit.platform.engine.support.hierarchical.NodeTestTask.lambda$executeRecursively$9(NodeTestTask.java:139)
	at org.junit.platform.engine.support.hierarchical.ThrowableCollector.execute(ThrowableCollector.java:73)
	at org.junit.platform.engine.support.hierarchical.NodeTestTask.executeRecursively(NodeTestTask.java:138)
	at org.junit.platform.engine.support.hierarchical.NodeTestTask.execute(NodeTestTask.java:95)
	at java.base/java.util.ArrayList.forEach(ArrayList.java:1604)
	at org.junit.platform.engine.support.hierarchical.SameThreadHierarchicalTestExecutorService.invokeAll(SameThreadHierarchicalTestExecutorService.java:41)
	at org.junit.platform.engine.support.hierarchical.NodeTestTask.lambda$executeRecursively$6(NodeTestTask.java:155)
	at org.junit.platform.engine.support.hierarchical.ThrowableCollector.execute(ThrowableCollector.java:73)
	at org.junit.platform.engine.support.hierarchical.NodeTestTask.lambda$executeRecursively$8(NodeTestTask.java:141)
	at org.junit.platform.engine.support.hierarchical.Node.around(Node.java:137)
	at org.junit.platform.engine.support.hierarchical.NodeTestTask.lambda$executeRecursively$9(NodeTestTask.java:139)
	at org.junit.platform.engine.support.hierarchical.ThrowableCollector.execute(ThrowableCollector.java:73)
	at org.junit.platform.engine.support.hierarchical.NodeTestTask.executeRecursively(NodeTestTask.java:138)
	at org.junit.platform.engine.support.hierarchical.NodeTestTask.execute(NodeTestTask.java:95)
	at java.base/java.util.ArrayList.forEach(ArrayList.java:1604)
	at org.junit.platform.engine.support.hierarchical.SameThreadHierarchicalTestExecutorService.invokeAll(SameThreadHierarchicalTestExecutorService.java:41)
	at org.junit.platform.engine.support.hierarchical.NodeTestTask.lambda$executeRecursively$6(NodeTestTask.java:155)
	at org.junit.platform.engine.support.hierarchical.ThrowableCollector.execute(ThrowableCollector.java:73)
	at org.junit.platform.engine.support.hierarchical.NodeTestTask.lambda$executeRecursively$8(NodeTestTask.java:141)
	at org.junit.platform.engine.support.hierarchical.Node.around(Node.java:137)
	at org.junit.platform.engine.support.hierarchical.NodeTestTask.lambda$executeRecursively$9(NodeTestTask.java:139)
	at org.junit.platform.engine.support.hierarchical.ThrowableCollector.execute(ThrowableCollector.java:73)
	at org.junit.platform.engine.support.hierarchical.NodeTestTask.executeRecursively(NodeTestTask.java:138)
	at org.junit.platform.engine.support.hierarchical.NodeTestTask.execute(NodeTestTask.java:95)
	at org.junit.platform.engine.support.hierarchical.SameThreadHierarchicalTestExecutorService.submit(SameThreadHierarchicalTestExecutorService.java:35)
	at org.junit.platform.engine.support.hierarchical.HierarchicalTestExecutor.execute(HierarchicalTestExecutor.java:57)
	at org.junit.platform.engine.support.hierarchical.HierarchicalTestEngine.execute(HierarchicalTestEngine.java:54)
	at org.junit.platform.launcher.core.EngineExecutionOrchestrator.execute(EngineExecutionOrchestrator.java:147)
	at org.junit.platform.launcher.core.EngineExecutionOrchestrator.execute(EngineExecutionOrchestrator.java:127)
	at org.junit.platform.launcher.core.EngineExecutionOrchestrator.execute(EngineExecutionOrchestrator.java:90)
	at org.junit.platform.launcher.core.EngineExecutionOrchestrator.lambda$execute$0(EngineExecutionOrchestrator.java:55)
	at org.junit.platform.launcher.core.EngineExecutionOrchestrator.withInterceptedStreams(EngineExecutionOrchestrator.java:102)
	at org.junit.platform.launcher.core.EngineExecutionOrchestrator.execute(EngineExecutionOrchestrator.java:54)
	at org.junit.platform.launcher.core.DefaultLauncher.execute(DefaultLauncher.java:114)
	at org.junit.platform.launcher.core.DefaultLauncher.execute(DefaultLauncher.java:86)
	at org.junit.platform.launcher.core.DefaultLauncherSession$DelegatingLauncher.execute(DefaultLauncherSession.java:86)
	at org.apache.maven.surefire.junitplatform.LazyLauncher.execute(LazyLauncher.java:56)
	at org.apache.maven.surefire.junitplatform.JUnitPlatformProvider.execute(JUnitPlatformProvider.java:184)
	at org.apache.maven.surefire.junitplatform.JUnitPlatformProvider.invokeAllTests(JUnitPlatformProvider.java:148)
	at org.apache.maven.surefire.junitplatform.JUnitPlatformProvider.invoke(JUnitPlatformProvider.java:122)
	at org.apache.maven.surefire.booter.ForkedBooter.runSuitesInProcess(ForkedBooter.java:385)
	at org.apache.maven.surefire.booter.ForkedBooter.execute(ForkedBooter.java:162)
	at org.apache.maven.surefire.booter.ForkedBooter.run(ForkedBooter.java:507)
	at org.apache.maven.surefire.booter.ForkedBooter.main(ForkedBooter.java:495)
Caused by: java.io.IOException: Error while instrumenting java/sql/Time.
	at org.jacoco.agent.rt.internal_3570298.core.instr.Instrumenter.instrumentError(Instrumenter.java:160)
	at org.jacoco.agent.rt.internal_3570298.core.instr.Instrumenter.instrument(Instrumenter.java:110)
	at org.jacoco.agent.rt.internal_3570298.CoverageTransformer.transform(CoverageTransformer.java:92)
	... 89 more
Caused by: java.lang.IllegalArgumentException: Unsupported class file major version 68
	at org.jacoco.agent.rt.internal_3570298.asm.ClassReader.<init>(ClassReader.java:196)
	at org.jacoco.agent.rt.internal_3570298.asm.ClassReader.<init>(ClassReader.java:177)
	at org.jacoco.agent.rt.internal_3570298.asm.ClassReader.<init>(ClassReader.java:163)
	at org.jacoco.agent.rt.internal_3570298.core.internal.instr.InstrSupport.classReaderFor(InstrSupport.java:280)
	at org.jacoco.agent.rt.internal_3570298.core.instr.Instrumenter.instrument(Instrumenter.java:76)
	at org.jacoco.agent.rt.internal_3570298.core.instr.Instrumenter.instrument(Instrumenter.java:108)
	... 90 more
]]></system-err>
  </testcase>
  <testcase name="testMovePlayer" classname="game.GameWorldTest" time="0.048">
    <system-out><![CDATA[Muro aggiunto in posizione X=0, Y=8
Muro aggiunto in posizione X=1, Y=8
Muro aggiunto in posizione X=2, Y=8
Muro aggiunto in posizione X=3, Y=8
Muro aggiunto in posizione X=4, Y=8
Muro aggiunto in posizione X=5, Y=8
Muro aggiunto in posizione X=6, Y=8
Muro aggiunto in posizione X=7, Y=8
Muro aggiunto in posizione X=8, Y=8
Muro aggiunto in posizione X=9, Y=8
Muro aggiunto in posizione X=10, Y=8
Muro aggiunto in posizione X=11, Y=8
Muro aggiunto in posizione X=12, Y=8
Muro aggiunto in posizione X=13, Y=8
Muro aggiunto in posizione X=14, Y=8
Muro aggiunto in posizione X=15, Y=8
Muro aggiunto in posizione X=16, Y=8
Muro aggiunto in posizione X=17, Y=8
Muro aggiunto in posizione X=18, Y=8
Muro aggiunto in posizione X=19, Y=8
Muro aggiunto in posizione X=20, Y=8
Muro aggiunto in posizione X=21, Y=8
Muro aggiunto in posizione X=22, Y=8
Muro aggiunto in posizione X=23, Y=8
Muro aggiunto in posizione X=0, Y=9
Muro aggiunto in posizione X=1, Y=9
Muro aggiunto in posizione X=2, Y=9
Muro aggiunto in posizione X=3, Y=9
Muro aggiunto in posizione X=4, Y=9
Muro aggiunto in posizione X=5, Y=9
Muro aggiunto in posizione X=6, Y=9
Muro aggiunto in posizione X=7, Y=9
Muro aggiunto in posizione X=8, Y=9
Muro aggiunto in posizione X=9, Y=9
Muro aggiunto in posizione X=10, Y=9
Muro aggiunto in posizione X=11, Y=9
Muro aggiunto in posizione X=12, Y=9
Muro aggiunto in posizione X=13, Y=9
Muro aggiunto in posizione X=14, Y=9
Muro aggiunto in posizione X=15, Y=9
Muro aggiunto in posizione X=16, Y=9
Muro aggiunto in posizione X=17, Y=9
Muro aggiunto in posizione X=18, Y=9
Muro aggiunto in posizione X=19, Y=9
Muro aggiunto in posizione X=20, Y=9
Muro aggiunto in posizione X=21, Y=9
Muro aggiunto in posizione X=22, Y=9
Muro aggiunto in posizione X=23, Y=9
Oggetto registrato: 🤑 in posizione X=13, Y=5
Controllo collisione per il giocatore in X=6, Y=5
Oggetti presenti nel mondo:
- Oggetto: 🧱, X=0, Y=8
- Oggetto: 🧱, X=1, Y=8
- Oggetto: 🧱, X=2, Y=8
- Oggetto: 🧱, X=3, Y=8
- Oggetto: 🧱, X=4, Y=8
- Oggetto: 🧱, X=5, Y=8
- Oggetto: 🧱, X=6, Y=8
- Oggetto: 🧱, X=7, Y=8
- Oggetto: 🧱, X=8, Y=8
- Oggetto: 🧱, X=9, Y=8
- Oggetto: 🧱, X=10, Y=8
- Oggetto: 🧱, X=11, Y=8
- Oggetto: 🧱, X=12, Y=8
- Oggetto: 🧱, X=13, Y=8
- Oggetto: 🧱, X=14, Y=8
- Oggetto: 🧱, X=15, Y=8
- Oggetto: 🧱, X=16, Y=8
- Oggetto: 🧱, X=17, Y=8
- Oggetto: 🧱, X=18, Y=8
- Oggetto: 🧱, X=19, Y=8
- Oggetto: 🧱, X=20, Y=8
- Oggetto: 🧱, X=21, Y=8
- Oggetto: 🧱, X=22, Y=8
- Oggetto: 🧱, X=23, Y=8
- Oggetto: 🧱, X=0, Y=9
- Oggetto: 🧱, X=1, Y=9
- Oggetto: 🧱, X=2, Y=9
- Oggetto: 🧱, X=3, Y=9
- Oggetto: 🧱, X=4, Y=9
- Oggetto: 🧱, X=5, Y=9
- Oggetto: 🧱, X=6, Y=9
- Oggetto: 🧱, X=7, Y=9
- Oggetto: 🧱, X=8, Y=9
- Oggetto: 🧱, X=9, Y=9
- Oggetto: 🧱, X=10, Y=9
- Oggetto: 🧱, X=11, Y=9
- Oggetto: 🧱, X=12, Y=9
- Oggetto: 🧱, X=13, Y=9
- Oggetto: 🧱, X=14, Y=9
- Oggetto: 🧱, X=15, Y=9
- Oggetto: 🧱, X=16, Y=9
- Oggetto: 🧱, X=17, Y=9
- Oggetto: 🧱, X=18, Y=9
- Oggetto: 🧱, X=19, Y=9
- Oggetto: 🧱, X=20, Y=9
- Oggetto: 🧱, X=21, Y=9
- Oggetto: 🧱, X=22, Y=9
- Oggetto: 🧱, X=23, Y=9
- Oggetto: 🤑, X=13, Y=5
Posizione giocatore: X=6, Y=5
Controllo collisione per il giocatore in X=6, Y=4
Oggetti presenti nel mondo:
- Oggetto: 🧱, X=0, Y=8
- Oggetto: 🧱, X=1, Y=8
- Oggetto: 🧱, X=2, Y=8
- Oggetto: 🧱, X=3, Y=8
- Oggetto: 🧱, X=4, Y=8
- Oggetto: 🧱, X=5, Y=8
- Oggetto: 🧱, X=6, Y=8
- Oggetto: 🧱, X=7, Y=8
- Oggetto: 🧱, X=8, Y=8
- Oggetto: 🧱, X=9, Y=8
- Oggetto: 🧱, X=10, Y=8
- Oggetto: 🧱, X=11, Y=8
- Oggetto: 🧱, X=12, Y=8
- Oggetto: 🧱, X=13, Y=8
- Oggetto: 🧱, X=14, Y=8
- Oggetto: 🧱, X=15, Y=8
- Oggetto: 🧱, X=16, Y=8
- Oggetto: 🧱, X=17, Y=8
- Oggetto: 🧱, X=18, Y=8
- Oggetto: 🧱, X=19, Y=8
- Oggetto: 🧱, X=20, Y=8
- Oggetto: 🧱, X=21, Y=8
- Oggetto: 🧱, X=22, Y=8
- Oggetto: 🧱, X=23, Y=8
- Oggetto: 🧱, X=0, Y=9
- Oggetto: 🧱, X=1, Y=9
- Oggetto: 🧱, X=2, Y=9
- Oggetto: 🧱, X=3, Y=9
- Oggetto: 🧱, X=4, Y=9
- Oggetto: 🧱, X=5, Y=9
- Oggetto: 🧱, X=6, Y=9
- Oggetto: 🧱, X=7, Y=9
- Oggetto: 🧱, X=8, Y=9
- Oggetto: 🧱, X=9, Y=9
- Oggetto: 🧱, X=10, Y=9
- Oggetto: 🧱, X=11, Y=9
- Oggetto: 🧱, X=12, Y=9
- Oggetto: 🧱, X=13, Y=9
- Oggetto: 🧱, X=14, Y=9
- Oggetto: 🧱, X=15, Y=9
- Oggetto: 🧱, X=16, Y=9
- Oggetto: 🧱, X=17, Y=9
- Oggetto: 🧱, X=18, Y=9
- Oggetto: 🧱, X=19, Y=9
- Oggetto: 🧱, X=20, Y=9
- Oggetto: 🧱, X=21, Y=9
- Oggetto: 🧱, X=22, Y=9
- Oggetto: 🧱, X=23, Y=9
- Oggetto: 🤑, X=13, Y=5
Posizione giocatore: X=6, Y=4
]]></system-out>
  </testcase>
</testsuite>